<?xml version="1.0" encoding="UTF-8"?>
<!-- Generated by org.testng.reporters.JUnitReportReporter -->
<testsuite skipped="0" hostname="mycomputer" name="TestNGPractice.TestNGDay3" tests="2" failures="0" timestamp="20 Dec 2019 06:52:38 GMT" time="0.012" errors="0">
  <testcase name="webLoginCarLoan" time="0.003" classname="TestNGPractice.TestNGDay3"/>
  <testcase name="apiLoginCarLoan" time="0.009" classname="TestNGPractice.TestNGDay3"/>
</testsuite> <!-- TestNGPractice.TestNGDay3 -->
