<?xml version="1.0" encoding="UTF-8"?>
<!-- Generated by org.testng.reporters.JUnitReportReporter -->
<testsuite skipped="0" hostname="mycomputer" name="TestNGPractice.TestNGDay4" tests="3" failures="0" timestamp="20 Dec 2019 06:52:38 GMT" time="0.010" errors="0">
  <testcase name="mobileLoginHomeLoan" time="0.003" classname="TestNGPractice.TestNGDay4"/>
  <testcase name="webLoginHomeLoan" time="0.003" classname="TestNGPractice.TestNGDay4"/>
  <testcase name="apiLoginHomeLoan" time="0.004" classname="TestNGPractice.TestNGDay4"/>
</testsuite> <!-- TestNGPractice.TestNGDay4 -->
