<?xml version="1.0" encoding="UTF-8"?>
<!-- Generated by org.testng.reporters.JUnitReportReporter -->
<testsuite skipped="0" hostname="mycomputer" name="com.TestNGPractice.TestNGDay1" tests="2" failures="0" timestamp="19 Dec 2019 14:58:30 GMT" time="0.246" errors="0">
  <testcase name="seecondTest" time="0.035" classname="com.TestNGPractice.TestNGDay1"/>
  <testcase name="firstTest" time="0.211" classname="com.TestNGPractice.TestNGDay1"/>
</testsuite> <!-- com.TestNGPractice.TestNGDay1 -->
