<?xml version="1.0" encoding="UTF-8"?>
<!-- Generated by org.testng.reporters.JUnitReportReporter -->
<testsuite skipped="0" hostname="mycomputer" name="TestNGPractice.TestNGDay2" tests="3" failures="0" timestamp="20 Dec 2019 06:52:38 GMT" time="0.014" errors="0">
  <testcase name="personalgoldLoan" time="0.003" classname="TestNGPractice.TestNGDay2"/>
  <testcase name="pLoan" time="0.007" classname="TestNGPractice.TestNGDay2"/>
  <testcase name="personalLoan" time="0.004" classname="TestNGPractice.TestNGDay2"/>
</testsuite> <!-- TestNGPractice.TestNGDay2 -->
